2015-07-20 16:58:58,821 INFO  DefaultRequestDirector.java 723 - I/O exception (java.net.SocketException) caught when processing request: Software caused connection abort: recv failed
2015-07-20 16:58:58,839 INFO  DefaultRequestDirector.java 730 - Retrying request
2015-07-20 16:58:59,031 INFO  PageTest.java 47 - ***Run case of testLogin.***
2015-07-20 16:59:09,782 INFO  LoginTest.java 37 - ***Run case of testLogin.***
2015-07-20 16:59:10,257 INFO  LoginTest.java 45 - TestData/Stock/LoginUser.csv
2015-07-20 17:00:20,151 INFO  LoginTS.java 32 - Title is:框架V2.5
2015-07-20 17:00:35,729 INFO  ControlsStockTest.java 126 - ***Run case of testSingleSelect.***
2015-07-20 17:00:36,685 INFO  ControlsStockTest.java 146 - ***Run case of testMultiSelectTree.***
2015-07-20 17:00:42,259 INFO  ControlsStockTest.java 104 - ***Run case of testMultiSelect.***
2015-07-20 17:01:04,228 INFO  ControlsStockTest.java 172 - ***Run case of testSingleSelectTree.***
2015-07-20 17:01:10,455 INFO  ControlsStockTest.java 54 - ***Run case of testInputBox.***
2015-07-20 17:01:10,456 INFO  ControlsStockTest.java 59 - TestData/Stock/StockData.csv
2015-07-20 17:02:08,750 INFO  ControlsStockTS.java 44 - Title is:框架V2.5
2015-07-20 17:02:08,753 INFO  ControlsStockTest.java 81 - ***Run case of testDateControl.***
2015-07-20 17:02:10,458 INFO  AddStockTest.java 32 - ***Run case of testSave.***
2015-07-20 17:02:13,795 INFO  AlterStockTest.java 32 - ***Run case of testAlterStock.***
2015-07-20 17:02:29,482 INFO  DelStockTest.java 33 - ***Run case of testDelStock.***
2015-07-20 17:02:38,007 INFO  LogoutTest.java 33 - ***Run case of testLogoutStock.***
2015-07-20 17:05:34,670 INFO  DefaultRequestDirector.java 723 - I/O exception (java.net.SocketException) caught when processing request: Software caused connection abort: recv failed
2015-07-20 17:05:34,672 INFO  DefaultRequestDirector.java 730 - Retrying request
2015-07-20 17:05:34,714 INFO  PageTest.java 47 - ***Run case of testLogin.***
2015-07-20 17:05:35,234 INFO  LoginTest.java 37 - ***Run case of testLogin.***
2015-07-20 17:05:35,708 INFO  LoginTest.java 45 - TestData/Stock/LoginUser.csv
2015-07-20 17:06:45,868 INFO  LoginTS.java 32 - Title is:框架V2.5
2015-07-20 17:06:59,263 INFO  ControlsStockTest.java 126 - ***Run case of testSingleSelect.***
2015-07-20 17:07:00,169 INFO  ControlsStockTest.java 146 - ***Run case of testMultiSelectTree.***
2015-07-20 17:07:05,828 INFO  ControlsStockTest.java 104 - ***Run case of testMultiSelect.***
2015-07-20 17:07:27,873 INFO  ControlsStockTest.java 172 - ***Run case of testSingleSelectTree.***
2015-07-20 17:07:33,948 INFO  ControlsStockTest.java 54 - ***Run case of testInputBox.***
2015-07-20 17:07:33,948 INFO  ControlsStockTest.java 59 - TestData/Stock/StockData.csv
2015-07-20 17:08:32,295 INFO  ControlsStockTS.java 44 - Title is:框架V2.5
2015-07-20 17:08:32,297 INFO  ControlsStockTest.java 81 - ***Run case of testDateControl.***
2015-07-20 17:08:33,778 INFO  AddStockTest.java 32 - ***Run case of testSave.***
2015-07-20 17:08:36,818 INFO  AlterStockTest.java 32 - ***Run case of testAlterStock.***
2015-07-20 17:08:52,620 ERROR AlterStockTest.java 46 - AlterStock is error
com.Core.AssertUtils$AssertException: verify_stockAlter is not 
	at com.Core.AssertUtils.assertTrue(AssertUtils.java:14)
	at TestVerify.StockVerify.alterStockVerify(StockVerify.java:107)
	at Testcase.AlterStockTest.testAlterStock(AlterStockTest.java:43)
	at sun.reflect.NativeMethodAccessorImpl.invoke0(Native Method)
	at sun.reflect.NativeMethodAccessorImpl.invoke(NativeMethodAccessorImpl.java:57)
	at sun.reflect.DelegatingMethodAccessorImpl.invoke(DelegatingMethodAccessorImpl.java:43)
	at java.lang.reflect.Method.invoke(Method.java:601)
	at org.junit.runners.model.FrameworkMethod$1.runReflectiveCall(FrameworkMethod.java:47)
	at org.junit.internal.runners.model.ReflectiveCallable.run(ReflectiveCallable.java:12)
	at org.junit.runners.model.FrameworkMethod.invokeExplosively(FrameworkMethod.java:44)
	at org.junit.internal.runners.statements.InvokeMethod.evaluate(InvokeMethod.java:17)
	at org.junit.runners.ParentRunner.runLeaf(ParentRunner.java:271)
	at org.junit.runners.BlockJUnit4ClassRunner.runChild(BlockJUnit4ClassRunner.java:70)
	at org.junit.runners.BlockJUnit4ClassRunner.runChild(BlockJUnit4ClassRunner.java:50)
	at org.junit.runners.ParentRunner$3.run(ParentRunner.java:238)
	at org.junit.runners.ParentRunner$1.schedule(ParentRunner.java:63)
	at org.junit.runners.ParentRunner.runChildren(ParentRunner.java:236)
	at org.junit.runners.ParentRunner.access$000(ParentRunner.java:53)
	at org.junit.runners.ParentRunner$2.evaluate(ParentRunner.java:229)
	at org.junit.runners.ParentRunner.run(ParentRunner.java:309)
	at org.junit.runners.Suite.runChild(Suite.java:127)
	at org.junit.runners.Suite.runChild(Suite.java:26)
	at org.junit.runners.ParentRunner$3.run(ParentRunner.java:238)
	at org.junit.runners.ParentRunner$1.schedule(ParentRunner.java:63)
	at org.junit.runners.ParentRunner.runChildren(ParentRunner.java:236)
	at org.junit.runners.ParentRunner.access$000(ParentRunner.java:53)
	at org.junit.runners.ParentRunner$2.evaluate(ParentRunner.java:229)
	at org.junit.runners.ParentRunner.run(ParentRunner.java:309)
	at junit.framework.JUnit4TestAdapter.run(JUnit4TestAdapter.java:38)
	at org.apache.tools.ant.taskdefs.optional.junit.JUnitTestRunner.run(JUnitTestRunner.java:535)
	at org.apache.tools.ant.taskdefs.optional.junit.JUnitTestRunner.launch(JUnitTestRunner.java:1182)
	at org.apache.tools.ant.taskdefs.optional.junit.JUnitTestRunner.main(JUnitTestRunner.java:1033)
2015-07-20 17:08:53,863 INFO  CaptureScreenshot.java 73 - Screenshot Name: [AlterStockTest_testAlterStock_20150720050852.jpg]
2015-07-20 17:08:53,869 INFO  DelStockTest.java 33 - ***Run case of testDelStock.***
2015-07-20 17:09:02,656 INFO  LogoutTest.java 33 - ***Run case of testLogoutStock.***
2015-07-20 17:13:00,550 INFO  DefaultRequestDirector.java 723 - I/O exception (java.net.SocketException) caught when processing request: Software caused connection abort: recv failed
2015-07-20 17:13:00,552 INFO  DefaultRequestDirector.java 730 - Retrying request
2015-07-20 17:13:00,599 INFO  PageTest.java 47 - ***Run case of testLogin.***
2015-07-20 17:13:12,758 INFO  LoginTest.java 37 - ***Run case of testLogin.***
2015-07-20 17:13:13,240 INFO  LoginTest.java 45 - TestData/Stock/LoginUser.csv
2015-07-20 17:13:38,970 ERROR LoginTest.java 53 - login is error
org.openqa.selenium.NoSuchWindowException: Unable to find element on closed window (WARNING: The server did not provide any stacktrace information)
Command duration or timeout: 15 milliseconds
Build info: version: '2.35.0', revision: '8df0c6b', time: '2013-08-12 15:43:19'
System info: os.name: 'Windows 7', os.arch: 'x86', os.version: '6.1', java.version: '1.7.0_13'
Session ID: 73c74ab9-787e-440b-93f9-68869635b53e
Driver info: org.openqa.selenium.ie.InternetExplorerDriver
Capabilities [{platform=WINDOWS, javascriptEnabled=true, elementScrollBehavior=0, ignoreZoomSetting=false, enablePersistentHover=true, ie.ensureCleanSession=false, browserName=internet explorer, enableElementCacheCleanup=true, unexpectedAlertBehaviour=dismiss, version=11, ie.usePerProcessProxy=false, ignoreProtectedModeSettings=false, cssSelectorsEnabled=true, requireWindowFocus=false, initialBrowserUrl=http://localhost:40832/, handlesAlerts=true, ie.forceCreateProcessApi=false, nativeEvents=true, browserAttachTimeout=0, ie.browserCommandLineSwitches=, takesScreenshot=true}]
	at sun.reflect.NativeConstructorAccessorImpl.newInstance0(Native Method)
	at sun.reflect.NativeConstructorAccessorImpl.newInstance(NativeConstructorAccessorImpl.java:57)
	at sun.reflect.DelegatingConstructorAccessorImpl.newInstance(DelegatingConstructorAccessorImpl.java:45)
	at java.lang.reflect.Constructor.newInstance(Constructor.java:525)
	at org.openqa.selenium.remote.ErrorHandler.createThrowable(ErrorHandler.java:191)
	at org.openqa.selenium.remote.ErrorHandler.throwIfResponseFailed(ErrorHandler.java:145)
	at org.openqa.selenium.remote.RemoteWebDriver.execute(RemoteWebDriver.java:554)
	at org.openqa.selenium.remote.RemoteWebDriver.findElement(RemoteWebDriver.java:307)
	at org.openqa.selenium.remote.RemoteWebDriver.findElementById(RemoteWebDriver.java:348)
	at org.openqa.selenium.By$ById.findElement(By.java:216)
	at org.openqa.selenium.remote.RemoteWebDriver.findElement(RemoteWebDriver.java:299)
	at org.openqa.selenium.support.pagefactory.DefaultElementLocator.findElement(DefaultElementLocator.java:59)
	at org.openqa.selenium.support.pagefactory.internal.LocatingElementHandler.invoke(LocatingElementHandler.java:34)
	at sun.proxy.$Proxy12.clear(Unknown Source)
	at TestScript.LoginTS.login(LoginTS.java:27)
	at Testcase.LoginTest.testLogin(LoginTest.java:49)
	at sun.reflect.NativeMethodAccessorImpl.invoke0(Native Method)
	at sun.reflect.NativeMethodAccessorImpl.invoke(NativeMethodAccessorImpl.java:57)
	at sun.reflect.DelegatingMethodAccessorImpl.invoke(DelegatingMethodAccessorImpl.java:43)
	at java.lang.reflect.Method.invoke(Method.java:601)
	at org.junit.runners.model.FrameworkMethod$1.runReflectiveCall(FrameworkMethod.java:47)
	at org.junit.internal.runners.model.ReflectiveCallable.run(ReflectiveCallable.java:12)
	at org.junit.runners.model.FrameworkMethod.invokeExplosively(FrameworkMethod.java:44)
	at org.junit.internal.runners.statements.InvokeMethod.evaluate(InvokeMethod.java:17)
	at org.junit.runners.ParentRunner.runLeaf(ParentRunner.java:271)
	at org.junit.runners.BlockJUnit4ClassRunner.runChild(BlockJUnit4ClassRunner.java:70)
	at org.junit.runners.BlockJUnit4ClassRunner.runChild(BlockJUnit4ClassRunner.java:50)
	at org.junit.runners.ParentRunner$3.run(ParentRunner.java:238)
	at org.junit.runners.ParentRunner$1.schedule(ParentRunner.java:63)
	at org.junit.runners.ParentRunner.runChildren(ParentRunner.java:236)
	at org.junit.runners.ParentRunner.access$000(ParentRunner.java:53)
	at org.junit.runners.ParentRunner$2.evaluate(ParentRunner.java:229)
	at org.junit.runners.ParentRunner.run(ParentRunner.java:309)
	at org.junit.runners.Suite.runChild(Suite.java:127)
	at org.junit.runners.Suite.runChild(Suite.java:26)
	at org.junit.runners.ParentRunner$3.run(ParentRunner.java:238)
	at org.junit.runners.ParentRunner$1.schedule(ParentRunner.java:63)
	at org.junit.runners.ParentRunner.runChildren(ParentRunner.java:236)
	at org.junit.runners.ParentRunner.access$000(ParentRunner.java:53)
	at org.junit.runners.ParentRunner$2.evaluate(ParentRunner.java:229)
	at org.junit.runners.ParentRunner.run(ParentRunner.java:309)
	at org.eclipse.jdt.internal.junit4.runner.JUnit4TestReference.run(JUnit4TestReference.java:50)
	at org.eclipse.jdt.internal.junit.runner.TestExecution.run(TestExecution.java:38)
	at org.eclipse.jdt.internal.junit.runner.RemoteTestRunner.runTests(RemoteTestRunner.java:467)
	at org.eclipse.jdt.internal.junit.runner.RemoteTestRunner.runTests(RemoteTestRunner.java:683)
	at org.eclipse.jdt.internal.junit.runner.RemoteTestRunner.run(RemoteTestRunner.java:390)
	at org.eclipse.jdt.internal.junit.runner.RemoteTestRunner.main(RemoteTestRunner.java:197)
2015-07-20 17:13:41,866 INFO  DefaultRequestDirector.java 723 - I/O exception (java.net.SocketException) caught when processing request: Software caused connection abort: recv failed
2015-07-20 17:13:41,868 INFO  DefaultRequestDirector.java 730 - Retrying request
2015-07-20 17:13:41,928 INFO  PageTest.java 47 - ***Run case of testLogin.***
2015-07-20 17:13:42,411 INFO  LoginTest.java 37 - ***Run case of testLogin.***
2015-07-20 17:13:42,884 INFO  LoginTest.java 45 - TestData/Stock/LoginUser.csv
2015-07-20 17:14:51,757 INFO  LoginTS.java 32 - Title is:框架V2.5
2015-07-20 17:15:05,305 INFO  ControlsStockTest.java 126 - ***Run case of testSingleSelect.***
2015-07-20 17:15:06,246 INFO  ControlsStockTest.java 146 - ***Run case of testMultiSelectTree.***
2015-07-20 17:15:11,808 INFO  ControlsStockTest.java 104 - ***Run case of testMultiSelect.***
2015-07-20 17:15:33,914 INFO  ControlsStockTest.java 172 - ***Run case of testSingleSelectTree.***
2015-07-20 17:15:40,165 INFO  ControlsStockTest.java 54 - ***Run case of testInputBox.***
2015-07-20 17:15:40,165 INFO  ControlsStockTest.java 59 - TestData/Stock/StockData.csv
2015-07-20 17:16:38,621 INFO  ControlsStockTS.java 44 - Title is:框架V2.5
2015-07-20 17:16:38,625 INFO  ControlsStockTest.java 81 - ***Run case of testDateControl.***
2015-07-20 17:16:40,077 INFO  AddStockTest.java 32 - ***Run case of testSave.***
2015-07-20 17:16:42,934 INFO  AlterStockTest.java 32 - ***Run case of testAlterStock.***
2015-07-20 17:16:58,851 INFO  DelStockTest.java 33 - ***Run case of testDelStock.***
2015-07-20 17:17:07,369 INFO  LogoutTest.java 33 - ***Run case of testLogoutStock.***
