<html xmlns:string="xalan://java.lang.String" xmlns:lxslt="http://xml.apache.org/xslt">
<head>
<META http-equiv="Content-Type" content="text/html; charset=UTF-8">
<title>Unit Test Results: TestSuite.StockSetupTest</title>
<link rel="stylesheet" type="text/css" title="Style" href="../stylesheet.css">
<script type="text/javascript" language="JavaScript">
        var TestCases = new Array();
        var cur;
        
    cur = TestCases['TestSuite.StockSetupTest'] = new Array();
    
        cur['ant.core.lib'] = 'C:\\tool\\eclipse-apms-Nov07\\plugins\\apache-ant-1.9.6\\lib\\ant.jar';
    
        cur['ant.file'] = 'C:\\works\\workspaces\\ampsWeb\\MangementAutoTest\\build.xml';
    
        cur['ant.file.MangementAutoTest'] = 'C:\\works\\workspaces\\ampsWeb\\MangementAutoTest\\build.xml';
    
        cur['ant.file.type.MangementAutoTest'] = 'file';
    
        cur['ant.home'] = 'C:\\tool\\eclipse-apms-Nov07\\plugins\\apache-ant-1.9.6';
    
        cur['ant.java.version'] = '1.7';
    
        cur['ant.library.dir'] = 'C:\\tool\\eclipse-apms-Nov07\\plugins\\apache-ant-1.9.6\\lib';
    
        cur['ant.project.default-target'] = 'junit';
    
        cur['ant.project.invoked-targets'] = 'junit';
    
        cur['ant.project.name'] = 'MangementAutoTest';
    
        cur['ant.version'] = 'Apache Ant(TM) version 1.9.6 compiled on June 29 2015';
    
        cur['awt.toolkit'] = 'sun.awt.windows.WToolkit';
    
        cur['basedir'] = 'C:\\works\\workspaces\\ampsWeb\\MangementAutoTest';
    
        cur['build.dir'] = 'build';
    
        cur['build.DSTAMP'] = '20150716';
    
        cur['build.TimeSign'] = '2015-07-16 09.26.10';
    
        cur['build.TODAY'] = 'July 16 2015';
    
        cur['build.TSTAMP'] = '0926';
    
        cur['classes.dir'] = 'build/classes';
    
        cur['DSTAMP'] = '20150716';
    
        cur['eclipse.pdebuild.home'] = '/C:/tool/eclipse-apms-Nov07/plugins/org.eclipse.pde.build_3.8.100.v20130514-1028/./';
    
        cur['eclipse.pdebuild.scripts'] = '/C:/tool/eclipse-apms-Nov07/plugins/org.eclipse.pde.build_3.8.100.v20130514-1028/scripts/';
    
        cur['eclipse.pdebuild.templates'] = '/C:/tool/eclipse-apms-Nov07/plugins/org.eclipse.pde.build_3.8.100.v20130514-1028/templates/';
    
        cur['file.encoding'] = 'GBK';
    
        cur['file.encoding.pkg'] = 'sun.io';
    
        cur['file.separator'] = '\\';
    
        cur['java.awt.graphicsenv'] = 'sun.awt.Win32GraphicsEnvironment';
    
        cur['java.awt.printerjob'] = 'sun.awt.windows.WPrinterJob';
    
        cur['java.class.path'] = 'C:\\works\\workspaces\\ampsWeb\\MangementAutoTest\\build\\classes;C:\\works\\workspaces\\ampsWeb\\MangementAutoTest\\lib\\commons-configuration-1.10-test-sources.jar;C:\\works\\workspaces\\ampsWeb\\MangementAutoTest\\lib\\commons-configuration-1.10.jar;C:\\works\\workspaces\\ampsWeb\\MangementAutoTest\\lib\\commons-lang-2.6.jar;C:\\works\\workspaces\\ampsWeb\\MangementAutoTest\\lib\\commons-lang3-3.1.jar;C:\\works\\workspaces\\ampsWeb\\MangementAutoTest\\lib\\commons-logging-1.1.jar;C:\\works\\workspaces\\ampsWeb\\MangementAutoTest\\lib\\javacsv.jar;C:\\works\\workspaces\\ampsWeb\\MangementAutoTest\\lib\\log4j-1.2.16.jar;C:\\works\\workspaces\\ampsWeb\\MangementAutoTest\\lib\\ojdbc6-11.2.0.1.0.jar;C:\\works\\workspaces\\ampsWeb\\MangementAutoTest\\lib\\selenium-java-2.35.0-srcs.jar;C:\\works\\workspaces\\ampsWeb\\MangementAutoTest\\lib\\selenium-java-2.35.0.jar;C:\\works\\workspaces\\ampsWeb\\MangementAutoTest\\lib\\selenium-java-2.39.0-srcs.jar;C:\\works\\workspaces\\ampsWeb\\MangementAutoTest\\lib\\selenium-java-2.39.0.jar;C:\\works\\workspaces\\ampsWeb\\MangementAutoTest\\lib\\selenium-server-standalone-2.35.0.jar;C:\\works\\workspaces\\ampsWeb\\MangementAutoTest\\lib\\slf4j-api-1.7.5.jar;C:\\works\\workspaces\\ampsWeb\\MangementAutoTest\\lib\\slf4j-log4j12-1.6.0.jar;C:\\works\\workspaces\\ampsWeb\\MangementAutoTest\\lib\\testlink-java-api-1.9.4-0.jar;C:\\works\\workspaces\\ampsWeb\\MangementAutoTest\\lib\\ws-commons-util-1.0.2.jar;C:\\works\\workspaces\\ampsWeb\\MangementAutoTest\\lib\\xmlrpc-client-3.1-sources.jar;C:\\works\\workspaces\\ampsWeb\\MangementAutoTest\\lib\\xmlrpc-client-3.1.3.jar;C:\\works\\workspaces\\ampsWeb\\MangementAutoTest\\lib\\xmlrpc-client-3.1.jar;C:\\works\\workspaces\\ampsWeb\\MangementAutoTest\\lib\\xmlrpc-common-3.1-sources.jar;C:\\works\\workspaces\\ampsWeb\\MangementAutoTest\\lib\\xmlrpc-common-3.1.jar;C:\\works\\workspaces\\ampsWeb\\MangementAutoTest;C:\\Program Files (x86)\\Java\\jdk1.7.0_13\\lib\\dt.jar;C:\\Program Files (x86)\\Java\\jdk1.7.0_13\\lib\\tools.jar;C:\\tool\\apache-jmeter-2.11\\lib\\ext\\ApacheJMeter_core.jar;C:\\tool\\apache-jmeter-2.11\\lib\\logkit-2.0.jar;C:\\tool\\eclipse-apms-Nov07\\plugins\\apache-ant-1.9.6\\lib\\ant-launcher.jar;C:\\tool\\eclipse-apms-Nov07\\plugins\\apache-ant-1.9.6\\lib\\ant.jar;C:\\tool\\eclipse-apms-Nov07\\plugins\\apache-ant-1.9.6\\lib\\ant-junit.jar;C:\\tool\\eclipse-apms-Nov07\\plugins\\apache-ant-1.9.6\\lib\\ant-junit4.jar';
    
        cur['java.class.version'] = '51.0';
    
        cur['java.endorsed.dirs'] = 'C:\\Program Files (x86)\\Java\\jdk1.7.0_13\\jre\\lib\\endorsed';
    
        cur['java.ext.dirs'] = 'C:\\Program Files (x86)\\Java\\jdk1.7.0_13\\jre\\lib\\ext;C:\\Windows\\Sun\\Java\\lib\\ext';
    
        cur['java.home'] = 'C:\\Program Files (x86)\\Java\\jdk1.7.0_13\\jre';
    
        cur['java.io.tmpdir'] = 'C:\\Users\\lili.sun\\AppData\\Local\\Temp\\';
    
        cur['java.library.path'] = 'C:\\Program Files (x86)\\Java\\jdk1.7.0_13\\jre\\bin;C:\\Windows\\Sun\\Java\\bin;C:\\Windows\\system32;C:\\Windows;.;C:\\Program Files (x86)\\Java\\jdk1.7.0_13\\bin;C:\\app\\Lili.Sun\\product\\11.2.0\\dbhome_1\\bin;C:\\app\\Lili.Sun\\product\\11.2.0\\client_1\\bin;C:\\Perl\\site\\bin;C:\\Perl\\bin;C:\\Program Files (x86)\\Git\\bin;C:\\CI\\sonar-runner-2.0\\\\bin;C:\\CI\\apache-ant-1.9.2-bin\\bin;C:\\Windows\\system32;C:\\Windows;C:\\Windows\\System32\\Wbem;C:\\Windows\\System32\\WindowsPowerShell\\v1.0\\;C:\\Program Files (x86)\\Microsoft Application Virtualization Client;C:\\Program Files\\TortoiseSVN\\bin;C:\\Program Files\\Intel\\WiFi\\bin\\;C:\\Program Files\\Common Files\\Intel\\WirelessCommon\\;C:\\CI\\apache-maven-2.2.1\\bin;C:\\strawberry\\c\\bin;C:\\strawberry\\perl\\bin;C:\\Program Files\\nodejs\\;C:\\tool\\HashiCorp\\Vagrant\\bin;C:\\Program Files\\Intel\\WiFi\\bin\\;C:\\Program Files\\Common Files\\Intel\\WirelessCommon\\;C:\\Users\\lili.sun\\AppData\\Roaming\\npm;.';
    
        cur['java.runtime.name'] = 'Java(TM) SE Runtime Environment';
    
        cur['java.runtime.version'] = '1.7.0_13-b20';
    
        cur['java.specification.name'] = 'Java Platform API Specification';
    
        cur['java.specification.vendor'] = 'Oracle Corporation';
    
        cur['java.specification.version'] = '1.7';
    
        cur['java.vendor'] = 'Oracle Corporation';
    
        cur['java.vendor.url'] = 'http://java.oracle.com/';
    
        cur['java.vendor.url.bug'] = 'http://bugreport.sun.com/bugreport/';
    
        cur['java.version'] = '1.7.0_13';
    
        cur['java.vm.info'] = 'mixed mode, sharing';
    
        cur['java.vm.name'] = 'Java HotSpot(TM) Client VM';
    
        cur['java.vm.specification.name'] = 'Java Virtual Machine Specification';
    
        cur['java.vm.specification.vendor'] = 'Oracle Corporation';
    
        cur['java.vm.specification.version'] = '1.7';
    
        cur['java.vm.vendor'] = 'Oracle Corporation';
    
        cur['java.vm.version'] = '23.7-b01';
    
        cur['lib.dir'] = 'lib';
    
        cur['libs.compile'] = 'C:\\works\\workspaces\\ampsWeb\\MangementAutoTest\\lib\\commons-configuration-1.10-test-sources.jar;C:\\works\\workspaces\\ampsWeb\\MangementAutoTest\\lib\\commons-configuration-1.10.jar;C:\\works\\workspaces\\ampsWeb\\MangementAutoTest\\lib\\commons-lang-2.6.jar;C:\\works\\workspaces\\ampsWeb\\MangementAutoTest\\lib\\commons-lang3-3.1.jar;C:\\works\\workspaces\\ampsWeb\\MangementAutoTest\\lib\\commons-logging-1.1.jar;C:\\works\\workspaces\\ampsWeb\\MangementAutoTest\\lib\\javacsv.jar;C:\\works\\workspaces\\ampsWeb\\MangementAutoTest\\lib\\log4j-1.2.16.jar;C:\\works\\workspaces\\ampsWeb\\MangementAutoTest\\lib\\ojdbc6-11.2.0.1.0.jar;C:\\works\\workspaces\\ampsWeb\\MangementAutoTest\\lib\\selenium-java-2.35.0-srcs.jar;C:\\works\\workspaces\\ampsWeb\\MangementAutoTest\\lib\\selenium-java-2.35.0.jar;C:\\works\\workspaces\\ampsWeb\\MangementAutoTest\\lib\\selenium-java-2.39.0-srcs.jar;C:\\works\\workspaces\\ampsWeb\\MangementAutoTest\\lib\\selenium-java-2.39.0.jar;C:\\works\\workspaces\\ampsWeb\\MangementAutoTest\\lib\\selenium-server-standalone-2.35.0.jar;C:\\works\\workspaces\\ampsWeb\\MangementAutoTest\\lib\\slf4j-api-1.7.5.jar;C:\\works\\workspaces\\ampsWeb\\MangementAutoTest\\lib\\slf4j-log4j12-1.6.0.jar;C:\\works\\workspaces\\ampsWeb\\MangementAutoTest\\lib\\testlink-java-api-1.9.4-0.jar;C:\\works\\workspaces\\ampsWeb\\MangementAutoTest\\lib\\ws-commons-util-1.0.2.jar;C:\\works\\workspaces\\ampsWeb\\MangementAutoTest\\lib\\xmlrpc-client-3.1-sources.jar;C:\\works\\workspaces\\ampsWeb\\MangementAutoTest\\lib\\xmlrpc-client-3.1.3.jar;C:\\works\\workspaces\\ampsWeb\\MangementAutoTest\\lib\\xmlrpc-client-3.1.jar;C:\\works\\workspaces\\ampsWeb\\MangementAutoTest\\lib\\xmlrpc-common-3.1-sources.jar;C:\\works\\workspaces\\ampsWeb\\MangementAutoTest\\lib\\xmlrpc-common-3.1.jar';
    
        cur['line.separator'] = '\r\n';
    
        cur['os.arch'] = 'x86';
    
        cur['os.name'] = 'Windows 7';
    
        cur['os.version'] = '6.1';
    
        cur['path.separator'] = ';';
    
        cur['report.dir'] = 'report/2015-07-16 09.26.10';
    
        cur['screenshot.dir'] = 'report/Screenshot';
    
        cur['screenshotBackup.dir'] = 'report/ScreenshotBackUp';
    
        cur['screenshotEach.dir'] = 'report/2015-07-16 09.26.10/Screenshot';
    
        cur['source.dir'] = 'src';
    
        cur['stratTime'] = '07/16/2015  09:26:14';
    
        cur['sun.arch.data.model'] = '32';
    
        cur['sun.boot.class.path'] = 'C:\\Program Files (x86)\\Java\\jdk1.7.0_13\\jre\\lib\\resources.jar;C:\\Program Files (x86)\\Java\\jdk1.7.0_13\\jre\\lib\\rt.jar;C:\\Program Files (x86)\\Java\\jdk1.7.0_13\\jre\\lib\\sunrsasign.jar;C:\\Program Files (x86)\\Java\\jdk1.7.0_13\\jre\\lib\\jsse.jar;C:\\Program Files (x86)\\Java\\jdk1.7.0_13\\jre\\lib\\jce.jar;C:\\Program Files (x86)\\Java\\jdk1.7.0_13\\jre\\lib\\charsets.jar;C:\\Program Files (x86)\\Java\\jdk1.7.0_13\\jre\\lib\\jfr.jar;C:\\Program Files (x86)\\Java\\jdk1.7.0_13\\jre\\classes';
    
        cur['sun.boot.library.path'] = 'C:\\Program Files (x86)\\Java\\jdk1.7.0_13\\jre\\bin';
    
        cur['sun.cpu.endian'] = 'little';
    
        cur['sun.cpu.isalist'] = 'pentium_pro+mmx pentium_pro pentium+mmx pentium i486 i386 i86';
    
        cur['sun.desktop'] = 'windows';
    
        cur['sun.io.unicode.encoding'] = 'UnicodeLittle';
    
        cur['sun.java.command'] = 'org.apache.tools.ant.taskdefs.optional.junit.JUnitTestRunner TestSuite.StockSetupTest skipNonTests=false filtertrace=true haltOnError=false haltOnFailure=false formatter=org.apache.tools.ant.taskdefs.optional.junit.SummaryJUnitResultFormatter showoutput=true outputtoformatters=true logfailedtests=true threadid=0 logtestlistenerevents=false formatter=org.apache.tools.ant.taskdefs.optional.junit.XMLJUnitResultFormatter,C:\\works\\workspaces\\ampsWeb\\MangementAutoTest\\report\\2015-07-16 09.26.10\\XML\\TEST-TestSuite.StockSetupTest.xml crashfile=C:\\works\\workspaces\\ampsWeb\\MangementAutoTest\\junitvmwatcher5200235032478210389.properties propsfile=C:\\works\\workspaces\\ampsWeb\\MangementAutoTest\\junit3892535329805525486.properties';
    
        cur['sun.java.launcher'] = 'SUN_STANDARD';
    
        cur['sun.jnu.encoding'] = 'GBK';
    
        cur['sun.management.compiler'] = 'HotSpot Client Compiler';
    
        cur['sun.os.patch.level'] = 'Service Pack 1';
    
        cur['TODAY'] = 'July 16 2015';
    
        cur['TSTAMP'] = '0926';
    
        cur['user.country'] = 'CN';
    
        cur['user.dir'] = 'C:\\works\\workspaces\\ampsWeb\\MangementAutoTest';
    
        cur['user.home'] = 'C:\\Windows\\system32\\config\\systemprofile';
    
        cur['user.language'] = 'zh';
    
        cur['user.name'] = 'Lili.Sun';
    
        cur['user.script'] = '';
    
        cur['user.timezone'] = '';
    
        cur['user.variant'] = '';
    </script><script type="text/javascript" language="JavaScript">
        function displayProperties (name) {
          var win = window.open('','JUnitSystemProperties','scrollbars=1,resizable=1');
          var doc = win.document;
          doc.open();
          doc.write("<html><head><title>Properties of " + name + "</title>");
          doc.write("<style type=\"text/css\">");
          doc.write("body {font:normal 68% verdana,arial,helvetica; color:#000000; }");
          doc.write("table tr td, table tr th { font-size: 68%; }");
          doc.write("table.properties { border-collapse:collapse; border-left:solid 1 #cccccc; border-top:solid 1 #cccccc; padding:5px; }");
          doc.write("table.properties th { text-align:left; border-right:solid 1 #cccccc; border-bottom:solid 1 #cccccc; background-color:#eeeeee; }");
          doc.write("table.properties td { font:normal; text-align:left; border-right:solid 1 #cccccc; border-bottom:solid 1 #cccccc; background-color:#fffffff; }");
          doc.write("h3 { margin-bottom: 0.5em; font: bold 115% verdana,arial,helvetica }");
          doc.write("</style>");
          doc.write("</head><body>");
          doc.write("<h3>Properties of " + name + "</h3>");
          doc.write("<div align=\"right\"><a href=\"javascript:window.close();\">Close</a></div>");
          doc.write("<table class='properties'>");
          doc.write("<tr><th>Name</th><th>Value</th></tr>");
          for (prop in TestCases[name]) {
            doc.write("<tr><th>" + prop + "</th><td>" + TestCases[name][prop] + "</td></tr>");
          }
          doc.write("</table>");
          doc.write("</body></html>");
          doc.close();
          win.focus();
        }
      
      </script>
</head>
<body>
<h1>Unit Test Results.</h1>
<table width="100%">
<tr>
<td align="left"></td><td align="right">Designed for use with <a href="http://www.junit.org/">JUnit</a> and <a href="http://ant.apache.org/">Ant</a>.</td>
</tr>
</table>
<hr size="1">
<h3>Class TestSuite.StockSetupTest</h3>
<table class="details" border="0" cellpadding="5" cellspacing="2" width="95%">
<tr valign="top">
<th width="80%">Name</th><th>Tests</th><th>Errors</th><th>Failures</th><th>Skipped</th><th nowrap>Time(s)</th><th nowrap>Time Stamp</th><th>Host</th>
</tr>
<tr valign="top" class="Error">
<td><a title="Display all tests" href="0_StockSetupTest.html">StockSetupTest</a></td><td><a title="Display all tests" href="0_StockSetupTest.html">6</a></td><td><a title="Display only errors" href="0_StockSetupTest-errors.html">5</a></td><td><a title="Display only failures" href="0_StockSetupTest-fails.html">2</a></td><td>0</td><td>90.560</td><td>2015-07-16T01:26:15</td><td>AP-CHN-LP140034</td>
</tr>
</table>
<h2>Errors</h2>
<table class="details" border="0" cellpadding="5" cellspacing="2" width="95%">
<tr valign="top">
<th>Name</th><th>Status</th><th width="80%">Type</th><th nowrap>Time(s)</th>
</tr>
<tr valign="top" class="Error">
<td><a name="testLogin"></a>testLogin</td><td>Error</td><td>Modal dialog present: 
Build info: version: '2.35.0', revision: '8df0c6b', time: '2013-08-12 15:43:19'
System info: os.name: 'Windows 7', os.arch: 'x86', os.version: '6.1', java.version: '1.7.0_13'
Session ID: 316dbb1e-d4bd-485d-b509-df736efac584
Driver info: org.openqa.selenium.ie.InternetExplorerDriver
Capabilities [{platform=WINDOWS, javascriptEnabled=true, elementScrollBehavior=0, ignoreZoomSetting=false, enablePersistentHover=true, ie.ensureCleanSession=false, browserName=internet explorer, enableElementCacheCleanup=true, unexpectedAlertBehaviour=dismiss, version=11, ie.usePerProcessProxy=false, ignoreProtectedModeSettings=false, cssSelectorsEnabled=true, requireWindowFocus=false, initialBrowserUrl=http://localhost:15288/, handlesAlerts=true, ie.forceCreateProcessApi=false, nativeEvents=true, browserAttachTimeout=0, ie.browserCommandLineSwitches=, takesScreenshot=true}]<br>
<br>
<code>org.openqa.selenium.UnhandledAlertException: Modal dialog present: <br>Build info: version: '2.35.0', revision: '8df0c6b', time: '2013-08-12 15:43:19'<br>System info: os.name: 'Windows 7', os.arch: 'x86', os.version: '6.1', java.version: '1.7.0_13'<br>Session ID: 316dbb1e-d4bd-485d-b509-df736efac584<br>Driver info: org.openqa.selenium.ie.InternetExplorerDriver<br>Capabilities [{platform=WINDOWS, javascriptEnabled=true, elementScrollBehavior=0, ignoreZoomSetting=false, enablePersistentHover=true, ie.ensureCleanSession=false, browserName=internet explorer, enableElementCacheCleanup=true, unexpectedAlertBehaviour=dismiss, version=11, ie.usePerProcessProxy=false, ignoreProtectedModeSettings=false, cssSelectorsEnabled=true, requireWindowFocus=false, initialBrowserUrl=http://localhost:15288/, handlesAlerts=true, ie.forceCreateProcessApi=false, nativeEvents=true, browserAttachTimeout=0, ie.browserCommandLineSwitches=, takesScreenshot=true}]<br>	at java.lang.reflect.Constructor.newInstance(Constructor.java:525)<br>	at org.openqa.selenium.remote.ErrorHandler.createThrowable(ErrorHandler.java:191)<br>	at org.openqa.selenium.remote.ErrorHandler.createUnhandledAlertException(ErrorHandler.java:172)<br>	at org.openqa.selenium.remote.ErrorHandler.thhrowIfResponseFailed(ErrorHandler.java:141)<br>	at org.openqa.selenium.remote.RemoteWebDriver.execute(RemoteWebDriver.java:554)<br>	at org.openqa.selenium.remote.RemoteWebDriver$RemoteWebDriverOptions$RemoteWindow.maximize(RemoteWebDriver.java:783)<br>	at Testcase.LoginTest.tesstLogin(LoginTest.java:41)<br>
</code></td><td>0.918</td>
</tr>
<tr valign="top" class="Error">
<td><a name="Testcase.ControlsStockTest"></a>Testcase.ControlsStockTest</td><td>Error</td><td>Unable to find element with xpath == //a[contains(text(),'股票系统')] (WARNING: The server did not provide any stacktrace information)
Command duration or timeout: 30.10 seconds
For documentation on this error, please visit: http://seleniumhq.org/exceptions/no_such_element.html
Build info: version: '2.35.0', revision: '8df0c6b', time: '2013-08-12 15:43:19'
System info: os.name: 'Windows 7', os.arch: 'x86', os.version: '6.1', java.version: '1.7.0_13'
Session ID: 316dbb1e-d4bd-485d-b509-df736efac584
Driver info: org.openqa.selenium.ie.InternetExplorerDriver
Capabilities [{platform=WINDOWS, javascriptEnabled=true, elementScrollBehavior=0, ignoreZoomSetting=false, enablePersistentHover=true, ie.ensureCleanSession=false, browserName=internet explorer, enableElementCacheCleanup=true, unexpectedAlertBehaviour=dismiss, version=11, ie.usePerProcessProxy=false, ignoreProtectedModeSettings=false, cssSelectorsEnabled=true, requireWindowFocus=false, initialBrowserUrl=http://localhost:15288/, handlesAlerts=true, ie.forceCreateProcessApi=false, nativeEvents=true, browserAttachTimeout=0, ie.browserCommandLineSwitches=, takesScreenshot=true}]<br>
<br>
<code>org.openqa.selenium.NoSuchElementException: Unable to find element with xpath == //a[contains(text(),'股票系统')] (WARNING: The server did not provide any stacktrace information)<br>Command duration or timeout: 30.10 seconds<br>For documentation on this error, please visit: http://seleniumhq.org/exceptions/no__such_element.html<br>Build info: version: '2.35.0', revision: '8df0c6b', time: '2013-08-12 15:43:19'<br>System info: os.name: 'Windows 7', os.arch: 'x86', os.version: '6.1', java.version: '1.7.0_13'<br>Session ID: 316dbb1e-d4bd-485d-b509-df736efac584<br>Driver info: org.openqa.selenium.ie.InternetExploorerDriver<br>Capabilities [{platform=WINDOWS, javascriptEnabled=true, elementScrollBehavior=0, ignoreZoomSetting=false, enablePersistentHover=true, ie.ensureCleanSession=false, browserName=internet explorer, enableElementCacheCleanup=true, unexpectedAlertBehaviour=dismiss, version=11, ie.usePerProcessProxy=false, ignoreProtectedModeSettings=false, cssSelectoorsEnabled=true, requireWindowFocus=false, initialBrowserUrl=http://localhost:15288/, handlesAlerts=true, ie.forceCreateProcessApi=false, nativeEvents=true, browserAttachTimeout=0, ie.browserCommandLineSwitches=, takesScreenshot=true}]<br>	at java.lang.reflect.Constructor.newInstance(Constructor.java:525)<br>	at org.openqa.selenium.remote.ErrorHandler.createThhrowable(ErrorHandler.java:191)<br>	at org.openqa.selenium.remote.ErrorHandler.throwIfRResponseFailed(ErrorHandler.java:145)<br>	at org.openqa.selenium.remote.RemoteWebDriver.execute(RemoteWebDriver.java:554)<br>	at org.openqa.selenium.remote.RemotteWebDriver.findElement(RemoteWebDriver.java:307)<br>	at org.openqa.selenium.remote.RemoteWebDriver.findElementByXPath(RemoteWebDriver.java:404)<br>	at org.openqa.selenium.By$ByXPath.findElement(By.java:344)<br>	aat org.openqa.selenium.remote.RemoteWebDriver.findElement(RemoteWebDriver.java:299)<br>	at Testcase.ControlsStockTest.testAddStock(ControlsStockTest.java:38)<br>
</code></td><td>0.000</td>
</tr>
<tr valign="top" class="Error">
<td><a name="testAlterStock"></a>testAlterStock</td><td>Error</td><td>Unable to get browser (WARNING: The server did not provide any stacktrace information)
Command duration or timeout: 7 milliseconds
Build info: version: '2.35.0', revision: '8df0c6b', time: '2013-08-12 15:43:19'
System info: os.name: 'Windows 7', os.arch: 'x86', os.version: '6.1', java.version: '1.7.0_13'
Session ID: 316dbb1e-d4bd-485d-b509-df736efac584
Driver info: org.openqa.selenium.ie.InternetExplorerDriver
Capabilities [{platform=WINDOWS, javascriptEnabled=true, elementScrollBehavior=0, ignoreZoomSetting=false, enablePersistentHover=true, ie.ensureCleanSession=false, browserName=internet explorer, enableElementCacheCleanup=true, unexpectedAlertBehaviour=dismiss, version=11, ie.usePerProcessProxy=false, ignoreProtectedModeSettings=false, cssSelectorsEnabled=true, requireWindowFocus=false, initialBrowserUrl=http://localhost:15288/, handlesAlerts=true, ie.forceCreateProcessApi=false, nativeEvents=true, browserAttachTimeout=0, ie.browserCommandLineSwitches=, takesScreenshot=true}]<br>
<br>
<code>org.openqa.selenium.NoSuchWindowException: Unable to get browser (WARNING: The server did not provide any stacktrace information)<br>Command duration or timeout: 7 milliseconds<br>Build info: version: '2.35.0', revision: '8df0c6b', time: '2013-08-12 15:43:19'<br>System info: os.name: 'Windows 7', os.arch: 'x86', os.version: '6.1', java.version: '1.7.0_13'<br>Session ID: 316dbb1e-d4bd-485d-b509-df736efac584<br>Driver info: org.openqa.selenium.ie.InternetExplorerDriver<br>Capabilities [{platform=WINDOWS, javascriptEnabled=true, elementScrollBehavior=0, ignoreZoomSetting=false, enablePersistentHover=true, ie.ensureCleanSession=false, browserName=internet explorer, enableElementCacheCleanup=true, unexpectedAlertBehaviour=dismiss, version=11, ie.usePerProcessProxy=false, ignoreProtectedModeSettings=false, cssSelectorsEnabled=true, requireWindowFocus=false, initialBrowserUrl=http://localhost:15288/, handlesAlerts=true, ie.forceCreateProcessApi=false, nativeEvents=true, browserAttachTimeout=0, ie.browserCommandLineSwitches=, takesScreenshot=true}]<br>	at java.lang.reflect.Constructor.newInstance(Constructor.java:525)<br>	at org.openqa.selenium.remote.ErrorHandler.createThrowable(ErrorHandler.java:191)<br>	at org.openqa.selenium.remote.ErrorHandler.throwIfResponseFailed(ErrorHandler.java:145)<br>	at org.openqa.selenium.remote.RemoteWebDriver.execute(RemoteWebDriver.java:554))<br>	at org.openqa.selenium.remote.RemoteWebDriver.execute(RemoteWebDriver.java:569)<br>	at org.openqa.selenium.ie.InternetExplorerDriver.getScreenshotAs(InternetExplorerDriver.java:235)<br>	at com.Core.CaptureScreenshot.captureScreen(CaptureScreenshot.java:70)<br>	at Testcase.AlterStockTest.testAlterStock(AlterStockTest.java:50)<br>
</code></td><td>22.872</td>
</tr>
<tr valign="top" class="Error">
<td><a name="testDelStock"></a>testDelStock</td><td>Error</td><td>Unable to get browser (WARNING: The server did not provide any stacktrace information)
Command duration or timeout: 14 milliseconds
Build info: version: '2.35.0', revision: '8df0c6b', time: '2013-08-12 15:43:19'
System info: os.name: 'Windows 7', os.arch: 'x86', os.version: '6.1', java.version: '1.7.0_13'
Session ID: 316dbb1e-d4bd-485d-b509-df736efac584
Driver info: org.openqa.selenium.ie.InternetExplorerDriver
Capabilities [{platform=WINDOWS, javascriptEnabled=true, elementScrollBehavior=0, ignoreZoomSetting=false, enablePersistentHover=true, ie.ensureCleanSession=false, browserName=internet explorer, enableElementCacheCleanup=true, unexpectedAlertBehaviour=dismiss, version=11, ie.usePerProcessProxy=false, ignoreProtectedModeSettings=false, cssSelectorsEnabled=true, requireWindowFocus=false, initialBrowserUrl=http://localhost:15288/, handlesAlerts=true, ie.forceCreateProcessApi=false, nativeEvents=true, browserAttachTimeout=0, ie.browserCommandLineSwitches=, takesScreenshot=true}]<br>
<br>
<code>org.openqa.selenium.NoSuchWindowException: Unable to get browser (WARNING: The server did not provide any stacktrace information)<br>Command duration or timeout: 14 milliseconds<br>Build info: version: '2.35.0', revision: '8df0c6b', time: '2013-08-12 15:43:19'<br>System info: os.name: 'Windows 7', os.arch: 'x86', os.version: '6.1', java.version: '1.7.0_13'<br>Session ID: 316dbb1e-d4bd-485d-b509-df736efac584<br>Driver info: org.openqa.selenium.ie.InternetExplorerDriver<br>Capabilities [{platform=WINDOWS, javascriptEnabled=true, elementScrollBehavior=0, ignoreZoomSetting=false, enablePersistentHover=true, ie.ensureCleanSession=false, browserName=internet explorer, enableElementCacheCleanup=true, unexpectedAlertBehaviour=dismiss, version=11, ie.usePerProcessProxy=false, ignoreProtectedModeSettings=false, cssSelectorsEnabled=true, requireWindowFoccus=false, initialBrowserUrl=http://localhost:15288/, handlesAlerts=true, ie.forceCreateProcessApi=false, nativeEvents=true, browserAttachTimeout=0, ie.browserCommandLineSwitches=, takesScreenshot=true}]<br>	at java.lang.reflect.Constructor.newInstance(Constructor.java:525)<br>	at org.openqa.selenium.remote.ErrorHandler.createThrowable(ErrorHandler.java:191)<br>	at org.openqa.selenium.remote.ErrorHandler.throwIfResponseFailed(ErrorHandler.java:145)<br>	at org.openqa.selenium.remote.RemoteWebDriver.execute(RemoteWebDriver.java:5554)<br>	at org.openqa.selenium.remote.RemoteWebDriver.execute(RemoteWebDriver.java:569)<br>	at org.openqa.selenium.ie.InternetExplorerDriver.getScreenshotAs(InternetExplorerDriver.java:235)<br>	at com.Core.CaptureScreenshot.captureScreen(CaptureScreenshot.java:70)<br>	at Testcase.DelStockTest.testDelStock(DelStockTest.java:49)<br>
</code></td><td>0.172</td>
</tr>
<tr valign="top" class="Error">
<td><a name="testLogoutStock"></a>testLogoutStock</td><td>Error</td><td>Unable to get browser (WARNING: The server did not provide any stacktrace information)
Command duration or timeout: 13 milliseconds
Build info: version: '2.35.0', revision: '8df0c6b', time: '2013-08-12 15:43:19'
System info: os.name: 'Windows 7', os.arch: 'x86', os.version: '6.1', java.version: '1.7.0_13'
Session ID: 316dbb1e-d4bd-485d-b509-df736efac584
Driver info: org.openqa.selenium.ie.InternetExplorerDriver
Capabilities [{platform=WINDOWS, javascriptEnabled=true, elementScrollBehavior=0, ignoreZoomSetting=false, enablePersistentHover=true, ie.ensureCleanSession=false, browserName=internet explorer, enableElementCacheCleanup=true, unexpectedAlertBehaviour=dismiss, version=11, ie.usePerProcessProxy=false, ignoreProtectedModeSettings=false, cssSelectorsEnabled=true, requireWindowFocus=false, initialBrowserUrl=http://localhost:15288/, handlesAlerts=true, ie.forceCreateProcessApi=false, nativeEvents=true, browserAttachTimeout=0, ie.browserCommandLineSwitches=, takesScreenshot=true}]<br>
<br>
<code>org.openqa.selenium.NoSuchWindowException: Unable to get browser (WARNING: The server did not provide any stacktrace information)<br>Command duration or timeout: 13 milliseconds<br>Build info: version: '2.35.0', revision: '8df0c6b', time: '2013-08-12 15:43:19'<br>System info: os.name: 'Windows 7', os.arch: 'x86', os.version: '6.1', java.version: '1.7.0_13'<br>Session ID: 316dbb1e-d4bd-485d-b509-df736efac584<br>Driver info: org.openqa.selenium.ie.InternetExplorerDriver<br>Capabilities [{platform=WINDOWS, javascriptEnabled=true, elementScrollBehavior=0, ignoreZoomSetting=false, enablePersistentHover=true, ie.ensureCleanSession=false, browserName=internet explorer, enableElementCacheCleanup=true, unexpectedAlertBehaviour=dismiss, version=11, ie.usePerProcessProxy=false, ignoreProtectedModeSettings=false, cssSelectorsEnabled=true, requireWindowFocus=false, initialBrowserUrl=http://localhost:15288/, handlesAlerts=true, ie.forceCreateProcessApi=false, nativeEvents=true, browserAttachTimeout=0, ie.browserCommandLineSwitches=, takesScreenshot=true}]<br>	at java.lang.reflect.Constructor.newInstance(Constructor.java:525)<br>	at org.openqa.selenium.remote.ErrorHandler.createThhrowable(ErrorHandler.java:191)<br>	at org.oopenqa.selenium.remote.ErrorHandler.throwIfResponseFailed(ErrorHandler.java:145)<br>	at org.openqa.selenium.remote.RemoteWebDriver.execute(RemoteWebDriver.java:554)<br>	at org.openqa.selenium.remote.RemoteWebDriver.execute(RemoteWebDriver.java:569)<br>	at org.openqa.selenium.ie.InternetExplorerDriver.getScreenshotAs(InternetEExplorerDriver.java:235)<br>	at com.Core.CaptureScreenshot.captureScreen(CaptureScreenshot.javva:70)<br>	at Testcase.LogoutTest.testLoogoutStock(LogoutTest.java:45)<br>
</code></td><td>0.070</td>
</tr>
</table>
<div class="Properties">
<a href="javascript:displayProperties('TestSuite.StockSetupTest');">
                    Properties &raquo;
                </a>
</div>
<div class="Properties">
<a href="./0_StockSetupTest-out.html">
                        System.out &raquo;
                    </a>
</div>
<div class="Properties">
<a href="./0_StockSetupTest-err.html">
                        System.err &raquo;
                    </a>
</div>
</body>
</html>
