<html xmlns:string="xalan://java.lang.String" xmlns:lxslt="http://xml.apache.org/xslt">
<head>
<META http-equiv="Content-Type" content="text/html; charset=UTF-8">
<title>Unit Test Results: All Tests</title>
<link rel="stylesheet" type="text/css" title="Style" href="stylesheet.css">
</head>
<body onload="open('allclasses-frame.html','classListFrame')">
<h1>Unit Test Results.</h1>
<table width="100%">
<tr>
<td align="left"></td><td align="right">Designed for use with <a href="http://www.junit.org/">JUnit</a> and <a href="http://ant.apache.org/">Ant</a>.</td>
</tr>
</table>
<hr size="1">
<h2>All Tests</h2>
<table class="details" border="0" cellpadding="5" cellspacing="2" width="95%">
<tr valign="top">
<th>Class</th><th>Name</th><th>Status</th><th width="80%">Type</th><th nowrap>Time(s)</th>
</tr>
<tr valign="top" class="Failure">
<td><a href="TestSuite/0_StockSetupTest.html">StockSetupTest</a></td><td><a name="testPage"></a><a href="TestSuite/0_StockSetupTest.html#testPage">testPage</a></td><td>Failure</td><td>failure<br>
<br>
<code>junit.framework.AssertionFailedError: failure<br>	at Testcase.PageTest.testPage(PageTest.java:61)<br>
</code></td><td>4.898</td>
</tr>
<tr valign="top" class="Error">
<td><a href="TestSuite/0_StockSetupTest.html">StockSetupTest</a></td><td><a name="testLogin"></a><a href="TestSuite/0_StockSetupTest.html#testLogin">testLogin</a></td><td>Error</td><td>Modal dialog present: 
Build info: version: '2.35.0', revision: '8df0c6b', time: '2013-08-12 15:43:19'
System info: os.name: 'Windows 7', os.arch: 'x86', os.version: '6.1', java.version: '1.7.0_13'
Session ID: 316dbb1e-d4bd-485d-b509-df736efac584
Driver info: org.openqa.selenium.ie.InternetExplorerDriver
Capabilities [{platform=WINDOWS, javascriptEnabled=true, elementScrollBehavior=0, ignoreZoomSetting=false, enablePersistentHover=true, ie.ensureCleanSession=false, browserName=internet explorer, enableElementCacheCleanup=true, unexpectedAlertBehaviour=dismiss, version=11, ie.usePerProcessProxy=false, ignoreProtectedModeSettings=false, cssSelectorsEnabled=true, requireWindowFocus=false, initialBrowserUrl=http://localhost:15288/, handlesAlerts=true, ie.forceCreateProcessApi=false, nativeEvents=true, browserAttachTimeout=0, ie.browserCommandLineSwitches=, takesScreenshot=true}]<br>
<br>
<code>org.openqa.selenium.UnhandledAlertException: Modal dialog present: <br>Build info: version: '2.35.0', revision: '8df0c6b', time: '2013-08-12 15:43:19'<br>System info: os.name: 'Windows 7', os.arch: 'x86', os.version: '6.1', java.version: '1.7.0_13'<br>Session ID: 316dbb1e-d4bd-485d-b509-df736efac584<br>Driver info: org.openqa.selenium.ie.InternetExplorerDriver<br>Capabilities [{platform=WINDOWS, javascriptEnabled=true, elementScrollBehavior=0, ignoreZoomSetting=false, enablePersistentHover=true, ie.ensureCleanSession=false, browserName=internet explorer, enableElementCacheCleanup=true, unexpectedAlertBehaviour=dismiss, version=11, ie.usePerProcessProxy=false, ignoreProtectedModeSettings=false, cssSelectorsEnabled=true, requireWindowFocus=false, initialBrowserUrl=http://localhost:15288/, handlesAlerts=true, ie.forceCreateProcessApi=false, nativeEvents=true, browserAttachTimeout=0, ie.browserCommandLineSwitches=, takesScreenshot=true}]<br>	at java.lang.reflect.Constructor.newInstance(Constructor.java:525)<br>	at org.openqa.selenium.remote.ErrorHandler.createThrowable(ErrorHandler.java:191)<br>	at org.openqa.selenium.remote.ErrorHandler.createUnhandledAlertException(ErrorHandler.java:172)<br>	at org.openqa.selenium.remote.ErrorHandler.thhrowIfResponseFailed(ErrorHandler.java:141)<br>	at org.openqa.selenium.remote.RemoteWebDriver.execute(RemoteWebDriver.java:554)<br>	at org.openqa.selenium.remote.RemoteWebDriver$RemoteWebDriverOptions$RemoteWindow.maximize(RemoteWebDriver.java:783)<br>	at Testcase.LoginTest.tesstLogin(LoginTest.java:41)<br>
</code></td><td>0.918</td>
</tr>
<tr valign="top" class="Error">
<td><a href="TestSuite/0_StockSetupTest.html">StockSetupTest</a></td><td><a name="Testcase.ControlsStockTest"></a><a href="TestSuite/0_StockSetupTest.html#Testcase.ControlsStockTest">Testcase.ControlsStockTest</a></td><td>Error</td><td>Unable to find element with xpath == //a[contains(text(),'股票系统')] (WARNING: The server did not provide any stacktrace information)
Command duration or timeout: 30.10 seconds
For documentation on this error, please visit: http://seleniumhq.org/exceptions/no_such_element.html
Build info: version: '2.35.0', revision: '8df0c6b', time: '2013-08-12 15:43:19'
System info: os.name: 'Windows 7', os.arch: 'x86', os.version: '6.1', java.version: '1.7.0_13'
Session ID: 316dbb1e-d4bd-485d-b509-df736efac584
Driver info: org.openqa.selenium.ie.InternetExplorerDriver
Capabilities [{platform=WINDOWS, javascriptEnabled=true, elementScrollBehavior=0, ignoreZoomSetting=false, enablePersistentHover=true, ie.ensureCleanSession=false, browserName=internet explorer, enableElementCacheCleanup=true, unexpectedAlertBehaviour=dismiss, version=11, ie.usePerProcessProxy=false, ignoreProtectedModeSettings=false, cssSelectorsEnabled=true, requireWindowFocus=false, initialBrowserUrl=http://localhost:15288/, handlesAlerts=true, ie.forceCreateProcessApi=false, nativeEvents=true, browserAttachTimeout=0, ie.browserCommandLineSwitches=, takesScreenshot=true}]<br>
<br>
<code>org.openqa.selenium.NoSuchElementException: Unable to find element with xpath == //a[contains(text(),'股票系统')] (WARNING: The server did not provide any stacktrace information)<br>Command duration or timeout: 30.10 seconds<br>For documentation on this error, please visit: http://seleniumhq.org/exceptions/no__such_element.html<br>Build info: version: '2.35.0', revision: '8df0c6b', time: '2013-08-12 15:43:19'<br>System info: os.name: 'Windows 7', os.arch: 'x86', os.version: '6.1', java.version: '1.7.0_13'<br>Session ID: 316dbb1e-d4bd-485d-b509-df736efac584<br>Driver info: org.openqa.selenium.ie.InternetExploorerDriver<br>Capabilities [{platform=WINDOWS, javascriptEnabled=true, elementScrollBehavior=0, ignoreZoomSetting=false, enablePersistentHover=true, ie.ensureCleanSession=false, browserName=internet explorer, enableElementCacheCleanup=true, unexpectedAlertBehaviour=dismiss, version=11, ie.usePerProcessProxy=false, ignoreProtectedModeSettings=false, cssSelectoorsEnabled=true, requireWindowFocus=false, initialBrowserUrl=http://localhost:15288/, handlesAlerts=true, ie.forceCreateProcessApi=false, nativeEvents=true, browserAttachTimeout=0, ie.browserCommandLineSwitches=, takesScreenshot=true}]<br>	at java.lang.reflect.Constructor.newInstance(Constructor.java:525)<br>	at org.openqa.selenium.remote.ErrorHandler.createThhrowable(ErrorHandler.java:191)<br>	at org.openqa.selenium.remote.ErrorHandler.throwIfRResponseFailed(ErrorHandler.java:145)<br>	at org.openqa.selenium.remote.RemoteWebDriver.execute(RemoteWebDriver.java:554)<br>	at org.openqa.selenium.remote.RemotteWebDriver.findElement(RemoteWebDriver.java:307)<br>	at org.openqa.selenium.remote.RemoteWebDriver.findElementByXPath(RemoteWebDriver.java:404)<br>	at org.openqa.selenium.By$ByXPath.findElement(By.java:344)<br>	aat org.openqa.selenium.remote.RemoteWebDriver.findElement(RemoteWebDriver.java:299)<br>	at Testcase.ControlsStockTest.testAddStock(ControlsStockTest.java:38)<br>
</code></td><td>0.000</td>
</tr>
<tr valign="top" class="Failure">
<td><a href="TestSuite/0_StockSetupTest.html">StockSetupTest</a></td><td><a name="testSave"></a><a href="TestSuite/0_StockSetupTest.html#testSave">testSave</a></td><td>Failure</td><td>failure<br>
<br>
<code>junit.framework.AssertionFailedError: failure<br>	at Testcase.AddStockTest.testSave(AddStockTest.java:45)<br>
</code></td><td>31.176</td>
</tr>
<tr valign="top" class="Error">
<td><a href="TestSuite/0_StockSetupTest.html">StockSetupTest</a></td><td><a name="testAlterStock"></a><a href="TestSuite/0_StockSetupTest.html#testAlterStock">testAlterStock</a></td><td>Error</td><td>Unable to get browser (WARNING: The server did not provide any stacktrace information)
Command duration or timeout: 7 milliseconds
Build info: version: '2.35.0', revision: '8df0c6b', time: '2013-08-12 15:43:19'
System info: os.name: 'Windows 7', os.arch: 'x86', os.version: '6.1', java.version: '1.7.0_13'
Session ID: 316dbb1e-d4bd-485d-b509-df736efac584
Driver info: org.openqa.selenium.ie.InternetExplorerDriver
Capabilities [{platform=WINDOWS, javascriptEnabled=true, elementScrollBehavior=0, ignoreZoomSetting=false, enablePersistentHover=true, ie.ensureCleanSession=false, browserName=internet explorer, enableElementCacheCleanup=true, unexpectedAlertBehaviour=dismiss, version=11, ie.usePerProcessProxy=false, ignoreProtectedModeSettings=false, cssSelectorsEnabled=true, requireWindowFocus=false, initialBrowserUrl=http://localhost:15288/, handlesAlerts=true, ie.forceCreateProcessApi=false, nativeEvents=true, browserAttachTimeout=0, ie.browserCommandLineSwitches=, takesScreenshot=true}]<br>
<br>
<code>org.openqa.selenium.NoSuchWindowException: Unable to get browser (WARNING: The server did not provide any stacktrace information)<br>Command duration or timeout: 7 milliseconds<br>Build info: version: '2.35.0', revision: '8df0c6b', time: '2013-08-12 15:43:19'<br>System info: os.name: 'Windows 7', os.arch: 'x86', os.version: '6.1', java.version: '1.7.0_13'<br>Session ID: 316dbb1e-d4bd-485d-b509-df736efac584<br>Driver info: org.openqa.selenium.ie.InternetExplorerDriver<br>Capabilities [{platform=WINDOWS, javascriptEnabled=true, elementScrollBehavior=0, ignoreZoomSetting=false, enablePersistentHover=true, ie.ensureCleanSession=false, browserName=internet explorer, enableElementCacheCleanup=true, unexpectedAlertBehaviour=dismiss, version=11, ie.usePerProcessProxy=false, ignoreProtectedModeSettings=false, cssSelectorsEnabled=true, requireWindowFocus=false, initialBrowserUrl=http://localhost:15288/, handlesAlerts=true, ie.forceCreateProcessApi=false, nativeEvents=true, browserAttachTimeout=0, ie.browserCommandLineSwitches=, takesScreenshot=true}]<br>	at java.lang.reflect.Constructor.newInstance(Constructor.java:525)<br>	at org.openqa.selenium.remote.ErrorHandler.createThrowable(ErrorHandler.java:191)<br>	at org.openqa.selenium.remote.ErrorHandler.throwIfResponseFailed(ErrorHandler.java:145)<br>	at org.openqa.selenium.remote.RemoteWebDriver.execute(RemoteWebDriver.java:554))<br>	at org.openqa.selenium.remote.RemoteWebDriver.execute(RemoteWebDriver.java:569)<br>	at org.openqa.selenium.ie.InternetExplorerDriver.getScreenshotAs(InternetExplorerDriver.java:235)<br>	at com.Core.CaptureScreenshot.captureScreen(CaptureScreenshot.java:70)<br>	at Testcase.AlterStockTest.testAlterStock(AlterStockTest.java:50)<br>
</code></td><td>22.872</td>
</tr>
<tr valign="top" class="Error">
<td><a href="TestSuite/0_StockSetupTest.html">StockSetupTest</a></td><td><a name="testDelStock"></a><a href="TestSuite/0_StockSetupTest.html#testDelStock">testDelStock</a></td><td>Error</td><td>Unable to get browser (WARNING: The server did not provide any stacktrace information)
Command duration or timeout: 14 milliseconds
Build info: version: '2.35.0', revision: '8df0c6b', time: '2013-08-12 15:43:19'
System info: os.name: 'Windows 7', os.arch: 'x86', os.version: '6.1', java.version: '1.7.0_13'
Session ID: 316dbb1e-d4bd-485d-b509-df736efac584
Driver info: org.openqa.selenium.ie.InternetExplorerDriver
Capabilities [{platform=WINDOWS, javascriptEnabled=true, elementScrollBehavior=0, ignoreZoomSetting=false, enablePersistentHover=true, ie.ensureCleanSession=false, browserName=internet explorer, enableElementCacheCleanup=true, unexpectedAlertBehaviour=dismiss, version=11, ie.usePerProcessProxy=false, ignoreProtectedModeSettings=false, cssSelectorsEnabled=true, requireWindowFocus=false, initialBrowserUrl=http://localhost:15288/, handlesAlerts=true, ie.forceCreateProcessApi=false, nativeEvents=true, browserAttachTimeout=0, ie.browserCommandLineSwitches=, takesScreenshot=true}]<br>
<br>
<code>org.openqa.selenium.NoSuchWindowException: Unable to get browser (WARNING: The server did not provide any stacktrace information)<br>Command duration or timeout: 14 milliseconds<br>Build info: version: '2.35.0', revision: '8df0c6b', time: '2013-08-12 15:43:19'<br>System info: os.name: 'Windows 7', os.arch: 'x86', os.version: '6.1', java.version: '1.7.0_13'<br>Session ID: 316dbb1e-d4bd-485d-b509-df736efac584<br>Driver info: org.openqa.selenium.ie.InternetExplorerDriver<br>Capabilities [{platform=WINDOWS, javascriptEnabled=true, elementScrollBehavior=0, ignoreZoomSetting=false, enablePersistentHover=true, ie.ensureCleanSession=false, browserName=internet explorer, enableElementCacheCleanup=true, unexpectedAlertBehaviour=dismiss, version=11, ie.usePerProcessProxy=false, ignoreProtectedModeSettings=false, cssSelectorsEnabled=true, requireWindowFoccus=false, initialBrowserUrl=http://localhost:15288/, handlesAlerts=true, ie.forceCreateProcessApi=false, nativeEvents=true, browserAttachTimeout=0, ie.browserCommandLineSwitches=, takesScreenshot=true}]<br>	at java.lang.reflect.Constructor.newInstance(Constructor.java:525)<br>	at org.openqa.selenium.remote.ErrorHandler.createThrowable(ErrorHandler.java:191)<br>	at org.openqa.selenium.remote.ErrorHandler.throwIfResponseFailed(ErrorHandler.java:145)<br>	at org.openqa.selenium.remote.RemoteWebDriver.execute(RemoteWebDriver.java:5554)<br>	at org.openqa.selenium.remote.RemoteWebDriver.execute(RemoteWebDriver.java:569)<br>	at org.openqa.selenium.ie.InternetExplorerDriver.getScreenshotAs(InternetExplorerDriver.java:235)<br>	at com.Core.CaptureScreenshot.captureScreen(CaptureScreenshot.java:70)<br>	at Testcase.DelStockTest.testDelStock(DelStockTest.java:49)<br>
</code></td><td>0.172</td>
</tr>
<tr valign="top" class="Error">
<td><a href="TestSuite/0_StockSetupTest.html">StockSetupTest</a></td><td><a name="testLogoutStock"></a><a href="TestSuite/0_StockSetupTest.html#testLogoutStock">testLogoutStock</a></td><td>Error</td><td>Unable to get browser (WARNING: The server did not provide any stacktrace information)
Command duration or timeout: 13 milliseconds
Build info: version: '2.35.0', revision: '8df0c6b', time: '2013-08-12 15:43:19'
System info: os.name: 'Windows 7', os.arch: 'x86', os.version: '6.1', java.version: '1.7.0_13'
Session ID: 316dbb1e-d4bd-485d-b509-df736efac584
Driver info: org.openqa.selenium.ie.InternetExplorerDriver
Capabilities [{platform=WINDOWS, javascriptEnabled=true, elementScrollBehavior=0, ignoreZoomSetting=false, enablePersistentHover=true, ie.ensureCleanSession=false, browserName=internet explorer, enableElementCacheCleanup=true, unexpectedAlertBehaviour=dismiss, version=11, ie.usePerProcessProxy=false, ignoreProtectedModeSettings=false, cssSelectorsEnabled=true, requireWindowFocus=false, initialBrowserUrl=http://localhost:15288/, handlesAlerts=true, ie.forceCreateProcessApi=false, nativeEvents=true, browserAttachTimeout=0, ie.browserCommandLineSwitches=, takesScreenshot=true}]<br>
<br>
<code>org.openqa.selenium.NoSuchWindowException: Unable to get browser (WARNING: The server did not provide any stacktrace information)<br>Command duration or timeout: 13 milliseconds<br>Build info: version: '2.35.0', revision: '8df0c6b', time: '2013-08-12 15:43:19'<br>System info: os.name: 'Windows 7', os.arch: 'x86', os.version: '6.1', java.version: '1.7.0_13'<br>Session ID: 316dbb1e-d4bd-485d-b509-df736efac584<br>Driver info: org.openqa.selenium.ie.InternetExplorerDriver<br>Capabilities [{platform=WINDOWS, javascriptEnabled=true, elementScrollBehavior=0, ignoreZoomSetting=false, enablePersistentHover=true, ie.ensureCleanSession=false, browserName=internet explorer, enableElementCacheCleanup=true, unexpectedAlertBehaviour=dismiss, version=11, ie.usePerProcessProxy=false, ignoreProtectedModeSettings=false, cssSelectorsEnabled=true, requireWindowFocus=false, initialBrowserUrl=http://localhost:15288/, handlesAlerts=true, ie.forceCreateProcessApi=false, nativeEvents=true, browserAttachTimeout=0, ie.browserCommandLineSwitches=, takesScreenshot=true}]<br>	at java.lang.reflect.Constructor.newInstance(Constructor.java:525)<br>	at org.openqa.selenium.remote.ErrorHandler.createThhrowable(ErrorHandler.java:191)<br>	at org.oopenqa.selenium.remote.ErrorHandler.throwIfResponseFailed(ErrorHandler.java:145)<br>	at org.openqa.selenium.remote.RemoteWebDriver.execute(RemoteWebDriver.java:554)<br>	at org.openqa.selenium.remote.RemoteWebDriver.execute(RemoteWebDriver.java:569)<br>	at org.openqa.selenium.ie.InternetExplorerDriver.getScreenshotAs(InternetEExplorerDriver.java:235)<br>	at com.Core.CaptureScreenshot.captureScreen(CaptureScreenshot.javva:70)<br>	at Testcase.LogoutTest.testLoogoutStock(LogoutTest.java:45)<br>
</code></td><td>0.070</td>
</tr>
</table>
</body>
</html>
